libs/speechutils/build/intermediates/manifest_merge_blame_file/debug/manifest-merger-blame-debug-report.txt
1<?xml version="1.0" encoding="utf-8"?>
2<manifest xmlns:android="http://schemas.android.com/apk/res/android"
3    package="ee.ioc.phon.android.speechutils" >
4
5    <uses-sdk
6        android:minSdkVersion="11"
6-->libs\speechutils\AndroidManifest.xml
7        android:targetSdkVersion="30" />
7-->libs\speechutils\AndroidManifest.xml
8
9</manifest>